[0.010s] Invoking command in '/home/jorgelop/Documents/VantTec_SDV_SWARM/UAV_Proyect/TMR_UAV_2026/workspaces/sensor_stack/catkin_point_lio_unilidar/build/point_lio': CMAKE_PREFIX_PATH=${CMAKE_PREFIX_PATH}:/opt/ros/humble /usr/bin/cmake /home/jorgelop/Documents/VantTec_SDV_SWARM/UAV_Proyect/TMR_UAV_2026/workspaces/sensor_stack/catkin_point_lio_unilidar/src/point_lio_ros2 -DCMAKE_INSTALL_PREFIX=/home/jorgelop/Documents/VantTec_SDV_SWARM/UAV_Proyect/TMR_UAV_2026/workspaces/sensor_stack/catkin_point_lio_unilidar/install/point_lio
[0.058s] -- The C compiler identification is GNU 11.4.0
[0.101s] -- The CXX compiler identification is GNU 11.4.0
[0.107s] -- Detecting C compiler ABI info
[0.169s] -- Detecting C compiler ABI info - done
[0.174s] -- Check for working C compiler: /usr/bin/cc - skipped
[0.175s] -- Detecting C compile features
[0.175s] -- Detecting C compile features - done
[0.177s] -- Detecting CXX compiler ABI info
[0.249s] -- Detecting CXX compiler ABI info - done
[0.255s] -- Check for working CXX compiler: /usr/bin/c++ - skipped
[0.255s] -- Detecting CXX compile features
[0.255s] -- Detecting CXX compile features - done
[0.256s] -- Current CPU architecture: x86_64
[0.260s] -- Processor number:  16
[0.260s] -- core for MP:  3
[0.263s] -- Found ament_cmake: 1.3.14 (/opt/ros/humble/share/ament_cmake/cmake)
[0.544s] -- Found Python3: /usr/bin/python3 (found version "3.10.12") found components: Interpreter 
[0.624s] -- Found rclcpp: 16.0.18 (/opt/ros/humble/share/rclcpp/cmake)
[0.669s] -- Found rosidl_generator_c: 3.1.8 (/opt/ros/humble/share/rosidl_generator_c/cmake)
[0.675s] -- Found rosidl_adapter: 3.1.8 (/opt/ros/humble/share/rosidl_adapter/cmake)
[0.683s] -- Found rosidl_generator_cpp: 3.1.8 (/opt/ros/humble/share/rosidl_generator_cpp/cmake)
[0.694s] -- Using all available rosidl_typesupport_c: rosidl_typesupport_fastrtps_c;rosidl_typesupport_introspection_c
[0.708s] -- Using all available rosidl_typesupport_cpp: rosidl_typesupport_fastrtps_cpp;rosidl_typesupport_introspection_cpp
[0.751s] -- Found rmw_implementation_cmake: 6.1.2 (/opt/ros/humble/share/rmw_implementation_cmake/cmake)
[0.754s] -- Found rmw_fastrtps_cpp: 6.2.10 (/opt/ros/humble/share/rmw_fastrtps_cpp/cmake)
[0.842s] -- Found OpenSSL: /usr/lib/x86_64-linux-gnu/libcrypto.so (found version "3.0.2")  
[0.870s] -- Found FastRTPS: /opt/ros/humble/include  
[0.912s] -- Using RMW implementation 'rmw_fastrtps_cpp' as default
[0.922s] -- Looking for pthread.h
[0.986s] -- Looking for pthread.h - found
[0.986s] -- Performing Test CMAKE_HAVE_LIBC_PTHREAD
[1.052s] -- Performing Test CMAKE_HAVE_LIBC_PTHREAD - Success
[1.053s] -- Found Threads: TRUE  
[1.098s] -- Found rclpy: 3.3.21 (/opt/ros/humble/share/rclpy/cmake)
[1.100s] -- Found geometry_msgs: 4.9.1 (/opt/ros/humble/share/geometry_msgs/cmake)
[1.112s] -- Found nav_msgs: 4.9.1 (/opt/ros/humble/share/nav_msgs/cmake)
[1.126s] -- Found sensor_msgs: 4.9.1 (/opt/ros/humble/share/sensor_msgs/cmake)
[1.141s] -- Found pcl_ros: 2.4.5 (/opt/ros/humble/share/pcl_ros/cmake)
[1.180s] -- Checking for module 'eigen3'
[1.192s] --   Found eigen3, version 3.4.0
[1.225s] -- Found Eigen: /usr/include/eigen3 (Required is at least version "3.1") 
[1.225s] -- Eigen found (include: /usr/include/eigen3, version: 3.4.0)
[1.271s] -- Checking for module 'flann'
[1.285s] --   Found flann, version 1.9.1
[1.327s] -- Found FLANN: /usr/lib/x86_64-linux-gnu/libflann_cpp.so  
[1.327s] -- FLANN found (include: /usr/include, lib: /usr/lib/x86_64-linux-gnu/libflann_cpp.so)
[2.169s] -- Checking for module 'libusb-1.0'
[2.183s] --   Found libusb-1.0, version 1.0.25
[2.219s] -- Found libusb: /usr/lib/x86_64-linux-gnu/libusb-1.0.so  
[2.220s] -- OpenNI found (version: 1.5.4.0, include: /usr/include/ni, lib: /usr/lib/libOpenNI.so;libusb::libusb)
[2.275s] -- OpenNI2 found (version: 2.2.0.33, include: /usr/include/openni2, lib: /usr/lib/x86_64-linux-gnu/libOpenNI2.so;libusb::libusb)
[2.394s] -- Eigen found (include: /usr/include/eigen3, version: 3.4.0)
[2.399s] -- OpenNI found (version: 1.5.4.0, include: /usr/include/ni, lib: /usr/lib/libOpenNI.so;libusb::libusb)
[2.404s] -- OpenNI2 found (version: 2.2.0.33, include: /usr/include/openni2, lib: /usr/lib/x86_64-linux-gnu/libOpenNI2.so;libusb::libusb)
[2.522s] -- Found Qhull version 8.0.2
[2.641s] -- OpenNI found (version: 1.5.4.0, include: /usr/include/ni, lib: /usr/lib/libOpenNI.so;libusb::libusb)
[2.755s] -- Found PCL_COMMON: /usr/lib/x86_64-linux-gnu/libpcl_common.so  
[2.756s] -- Found PCL_KDTREE: /usr/lib/x86_64-linux-gnu/libpcl_kdtree.so  
[2.757s] -- Found PCL_OCTREE: /usr/lib/x86_64-linux-gnu/libpcl_octree.so  
[2.757s] -- Found PCL_SEARCH: /usr/lib/x86_64-linux-gnu/libpcl_search.so  
[2.758s] -- Found PCL_SAMPLE_CONSENSUS: /usr/lib/x86_64-linux-gnu/libpcl_sample_consensus.so  
[2.759s] -- Found PCL_FILTERS: /usr/lib/x86_64-linux-gnu/libpcl_filters.so  
[2.759s] -- Found PCL_2D: /usr/include/pcl-1.12  
[2.760s] -- Found PCL_GEOMETRY: /usr/include/pcl-1.12  
[2.761s] -- Found PCL_IO: /usr/lib/x86_64-linux-gnu/libpcl_io.so  
[2.761s] -- Found PCL_FEATURES: /usr/lib/x86_64-linux-gnu/libpcl_features.so  
[2.762s] -- Found PCL_ML: /usr/lib/x86_64-linux-gnu/libpcl_ml.so  
[2.763s] -- Found PCL_SEGMENTATION: /usr/lib/x86_64-linux-gnu/libpcl_segmentation.so  
[2.764s] -- Found PCL_VISUALIZATION: /usr/lib/x86_64-linux-gnu/libpcl_visualization.so  
[2.765s] -- Found PCL_SURFACE: /usr/lib/x86_64-linux-gnu/libpcl_surface.so  
[2.766s] -- Found PCL_REGISTRATION: /usr/lib/x86_64-linux-gnu/libpcl_registration.so  
[2.767s] -- Found PCL_KEYPOINTS: /usr/lib/x86_64-linux-gnu/libpcl_keypoints.so  
[2.767s] -- Found PCL_TRACKING: /usr/lib/x86_64-linux-gnu/libpcl_tracking.so  
[2.768s] -- Found PCL_RECOGNITION: /usr/lib/x86_64-linux-gnu/libpcl_recognition.so  
[2.769s] -- Found PCL_STEREO: /usr/lib/x86_64-linux-gnu/libpcl_stereo.so  
[2.770s] -- Found PCL_APPS: /usr/lib/x86_64-linux-gnu/libpcl_apps.so  
[2.771s] -- Found PCL_IN_HAND_SCANNER: /usr/include/pcl-1.12  
[2.771s] -- Found PCL_MODELER: /usr/include/pcl-1.12  
[2.771s] -- Found PCL_POINT_CLOUD_EDITOR: /usr/include/pcl-1.12  
[2.772s] -- Found PCL_OUTOFCORE: /usr/lib/x86_64-linux-gnu/libpcl_outofcore.so  
[2.773s] -- Found PCL_PEOPLE: /usr/lib/x86_64-linux-gnu/libpcl_people.so  
[2.809s] -- Found eigen3_cmake_module: 0.1.1 (/opt/ros/humble/share/eigen3_cmake_module/cmake)
[2.810s] -- Found Eigen3: TRUE (found version "3.4.0") 
[2.811s] -- Ensuring Eigen3 include directory is part of orocos-kdl CMake target
[2.888s] -- Found visualization_msgs: 4.9.1 (/opt/ros/humble/share/visualization_msgs/cmake)
[3.239s] -- Found PythonLibs: /usr/lib/x86_64-linux-gnu/libpython3.10.so (found version "3.10.12") 
[3.326s] -- Configuring done
[3.368s] -- Generating done
[3.379s] -- Build files have been written to: /home/jorgelop/Documents/VantTec_SDV_SWARM/UAV_Proyect/TMR_UAV_2026/workspaces/sensor_stack/catkin_point_lio_unilidar/build/point_lio
[3.399s] Invoked command in '/home/jorgelop/Documents/VantTec_SDV_SWARM/UAV_Proyect/TMR_UAV_2026/workspaces/sensor_stack/catkin_point_lio_unilidar/build/point_lio' returned '0': CMAKE_PREFIX_PATH=${CMAKE_PREFIX_PATH}:/opt/ros/humble /usr/bin/cmake /home/jorgelop/Documents/VantTec_SDV_SWARM/UAV_Proyect/TMR_UAV_2026/workspaces/sensor_stack/catkin_point_lio_unilidar/src/point_lio_ros2 -DCMAKE_INSTALL_PREFIX=/home/jorgelop/Documents/VantTec_SDV_SWARM/UAV_Proyect/TMR_UAV_2026/workspaces/sensor_stack/catkin_point_lio_unilidar/install/point_lio
[3.399s] Invoking command in '/home/jorgelop/Documents/VantTec_SDV_SWARM/UAV_Proyect/TMR_UAV_2026/workspaces/sensor_stack/catkin_point_lio_unilidar/build/point_lio': CMAKE_PREFIX_PATH=${CMAKE_PREFIX_PATH}:/opt/ros/humble /usr/bin/cmake --build /home/jorgelop/Documents/VantTec_SDV_SWARM/UAV_Proyect/TMR_UAV_2026/workspaces/sensor_stack/catkin_point_lio_unilidar/build/point_lio -- -j16 -l16
[3.453s] [ 83%] [32mBuilding CXX object CMakeFiles/pointlio_mapping.dir/src/Estimator.cpp.o[0m
[3.453s] [ 83%] [32mBuilding CXX object CMakeFiles/pointlio_mapping.dir/include/ikd-Tree/ikd_Tree.cpp.o[0m
[3.453s] [ 83%] [32mBuilding CXX object CMakeFiles/pointlio_mapping.dir/src/laserMapping.cpp.o[0m
[3.453s] [ 83%] [32mBuilding CXX object CMakeFiles/pointlio_mapping.dir/src/preprocess.cpp.o[0m
[3.453s] [ 83%] [32mBuilding CXX object CMakeFiles/pointlio_mapping.dir/src/parameters.cpp.o[0m
[39.411s] [100%] [32m[1mLinking CXX executable pointlio_mapping[0m
[40.054s] [100%] Built target pointlio_mapping
[40.065s] Invoked command in '/home/jorgelop/Documents/VantTec_SDV_SWARM/UAV_Proyect/TMR_UAV_2026/workspaces/sensor_stack/catkin_point_lio_unilidar/build/point_lio' returned '0': CMAKE_PREFIX_PATH=${CMAKE_PREFIX_PATH}:/opt/ros/humble /usr/bin/cmake --build /home/jorgelop/Documents/VantTec_SDV_SWARM/UAV_Proyect/TMR_UAV_2026/workspaces/sensor_stack/catkin_point_lio_unilidar/build/point_lio -- -j16 -l16
[40.075s] Invoking command in '/home/jorgelop/Documents/VantTec_SDV_SWARM/UAV_Proyect/TMR_UAV_2026/workspaces/sensor_stack/catkin_point_lio_unilidar/build/point_lio': CMAKE_PREFIX_PATH=${CMAKE_PREFIX_PATH}:/opt/ros/humble /usr/bin/cmake --install /home/jorgelop/Documents/VantTec_SDV_SWARM/UAV_Proyect/TMR_UAV_2026/workspaces/sensor_stack/catkin_point_lio_unilidar/build/point_lio
[40.082s] -- Install configuration: ""
[40.083s] -- Installing: /home/jorgelop/Documents/VantTec_SDV_SWARM/UAV_Proyect/TMR_UAV_2026/workspaces/sensor_stack/catkin_point_lio_unilidar/install/point_lio/lib/point_lio/pointlio_mapping
[40.085s] -- Set runtime path of "/home/jorgelop/Documents/VantTec_SDV_SWARM/UAV_Proyect/TMR_UAV_2026/workspaces/sensor_stack/catkin_point_lio_unilidar/install/point_lio/lib/point_lio/pointlio_mapping" to ""
[40.085s] -- Installing: /home/jorgelop/Documents/VantTec_SDV_SWARM/UAV_Proyect/TMR_UAV_2026/workspaces/sensor_stack/catkin_point_lio_unilidar/install/point_lio/share/point_lio/config
[40.085s] -- Installing: /home/jorgelop/Documents/VantTec_SDV_SWARM/UAV_Proyect/TMR_UAV_2026/workspaces/sensor_stack/catkin_point_lio_unilidar/install/point_lio/share/point_lio/config/unilidar_l2.yaml
[40.085s] -- Installing: /home/jorgelop/Documents/VantTec_SDV_SWARM/UAV_Proyect/TMR_UAV_2026/workspaces/sensor_stack/catkin_point_lio_unilidar/install/point_lio/share/point_lio/config/ouster64.yaml
[40.085s] -- Installing: /home/jorgelop/Documents/VantTec_SDV_SWARM/UAV_Proyect/TMR_UAV_2026/workspaces/sensor_stack/catkin_point_lio_unilidar/install/point_lio/share/point_lio/config/avia.yaml
[40.086s] -- Installing: /home/jorgelop/Documents/VantTec_SDV_SWARM/UAV_Proyect/TMR_UAV_2026/workspaces/sensor_stack/catkin_point_lio_unilidar/install/point_lio/share/point_lio/config/velody16.yaml
[40.086s] -- Installing: /home/jorgelop/Documents/VantTec_SDV_SWARM/UAV_Proyect/TMR_UAV_2026/workspaces/sensor_stack/catkin_point_lio_unilidar/install/point_lio/share/point_lio/config/horizon.yaml
[40.086s] -- Installing: /home/jorgelop/Documents/VantTec_SDV_SWARM/UAV_Proyect/TMR_UAV_2026/workspaces/sensor_stack/catkin_point_lio_unilidar/install/point_lio/share/point_lio/config/mid360.yaml
[40.086s] -- Installing: /home/jorgelop/Documents/VantTec_SDV_SWARM/UAV_Proyect/TMR_UAV_2026/workspaces/sensor_stack/catkin_point_lio_unilidar/install/point_lio/share/point_lio/config/unilidar_l1.yaml
[40.086s] -- Installing: /home/jorgelop/Documents/VantTec_SDV_SWARM/UAV_Proyect/TMR_UAV_2026/workspaces/sensor_stack/catkin_point_lio_unilidar/install/point_lio/share/point_lio/launch
[40.086s] -- Installing: /home/jorgelop/Documents/VantTec_SDV_SWARM/UAV_Proyect/TMR_UAV_2026/workspaces/sensor_stack/catkin_point_lio_unilidar/install/point_lio/share/point_lio/launch/mapping_unilidar_l1.launch.py
[40.086s] -- Installing: /home/jorgelop/Documents/VantTec_SDV_SWARM/UAV_Proyect/TMR_UAV_2026/workspaces/sensor_stack/catkin_point_lio_unilidar/install/point_lio/share/point_lio/launch/gdb_debug_example.launch.py
[40.086s] -- Installing: /home/jorgelop/Documents/VantTec_SDV_SWARM/UAV_Proyect/TMR_UAV_2026/workspaces/sensor_stack/catkin_point_lio_unilidar/install/point_lio/share/point_lio/launch/mapping_mid360.launch.py
[40.086s] -- Installing: /home/jorgelop/Documents/VantTec_SDV_SWARM/UAV_Proyect/TMR_UAV_2026/workspaces/sensor_stack/catkin_point_lio_unilidar/install/point_lio/share/point_lio/launch/mapping_ouster64.launch.py
[40.087s] -- Installing: /home/jorgelop/Documents/VantTec_SDV_SWARM/UAV_Proyect/TMR_UAV_2026/workspaces/sensor_stack/catkin_point_lio_unilidar/install/point_lio/share/point_lio/launch/mapping_unilidar_l2.launch.py
[40.087s] -- Installing: /home/jorgelop/Documents/VantTec_SDV_SWARM/UAV_Proyect/TMR_UAV_2026/workspaces/sensor_stack/catkin_point_lio_unilidar/install/point_lio/share/point_lio/launch/correct_odom_unilidar_l1.launch.py
[40.087s] -- Installing: /home/jorgelop/Documents/VantTec_SDV_SWARM/UAV_Proyect/TMR_UAV_2026/workspaces/sensor_stack/catkin_point_lio_unilidar/install/point_lio/share/point_lio/launch/mapping_velody16.launch.py
[40.087s] -- Installing: /home/jorgelop/Documents/VantTec_SDV_SWARM/UAV_Proyect/TMR_UAV_2026/workspaces/sensor_stack/catkin_point_lio_unilidar/install/point_lio/share/point_lio/launch/__pycache__
[40.087s] -- Installing: /home/jorgelop/Documents/VantTec_SDV_SWARM/UAV_Proyect/TMR_UAV_2026/workspaces/sensor_stack/catkin_point_lio_unilidar/install/point_lio/share/point_lio/launch/__pycache__/mapping_unilidar_l1.launch.cpython-310.pyc
[40.087s] -- Installing: /home/jorgelop/Documents/VantTec_SDV_SWARM/UAV_Proyect/TMR_UAV_2026/workspaces/sensor_stack/catkin_point_lio_unilidar/install/point_lio/share/point_lio/launch/mapping_avia.launch.py
[40.087s] -- Installing: /home/jorgelop/Documents/VantTec_SDV_SWARM/UAV_Proyect/TMR_UAV_2026/workspaces/sensor_stack/catkin_point_lio_unilidar/install/point_lio/share/point_lio/launch/mapping_horizon.launch.py
[40.087s] -- Installing: /home/jorgelop/Documents/VantTec_SDV_SWARM/UAV_Proyect/TMR_UAV_2026/workspaces/sensor_stack/catkin_point_lio_unilidar/install/point_lio/share/point_lio/launch/correct_odom_unilidar_l2.launch.py
[40.087s] -- Installing: /home/jorgelop/Documents/VantTec_SDV_SWARM/UAV_Proyect/TMR_UAV_2026/workspaces/sensor_stack/catkin_point_lio_unilidar/install/point_lio/share/point_lio/rviz_cfg
[40.088s] -- Installing: /home/jorgelop/Documents/VantTec_SDV_SWARM/UAV_Proyect/TMR_UAV_2026/workspaces/sensor_stack/catkin_point_lio_unilidar/install/point_lio/share/point_lio/rviz_cfg/loam_livox.rviz
[40.088s] -- Installing: /home/jorgelop/Documents/VantTec_SDV_SWARM/UAV_Proyect/TMR_UAV_2026/workspaces/sensor_stack/catkin_point_lio_unilidar/install/point_lio/share/ament_index/resource_index/package_run_dependencies/point_lio
[40.088s] -- Installing: /home/jorgelop/Documents/VantTec_SDV_SWARM/UAV_Proyect/TMR_UAV_2026/workspaces/sensor_stack/catkin_point_lio_unilidar/install/point_lio/share/ament_index/resource_index/parent_prefix_path/point_lio
[40.088s] -- Installing: /home/jorgelop/Documents/VantTec_SDV_SWARM/UAV_Proyect/TMR_UAV_2026/workspaces/sensor_stack/catkin_point_lio_unilidar/install/point_lio/share/point_lio/environment/ament_prefix_path.sh
[40.088s] -- Installing: /home/jorgelop/Documents/VantTec_SDV_SWARM/UAV_Proyect/TMR_UAV_2026/workspaces/sensor_stack/catkin_point_lio_unilidar/install/point_lio/share/point_lio/environment/ament_prefix_path.dsv
[40.088s] -- Installing: /home/jorgelop/Documents/VantTec_SDV_SWARM/UAV_Proyect/TMR_UAV_2026/workspaces/sensor_stack/catkin_point_lio_unilidar/install/point_lio/share/point_lio/environment/path.sh
[40.089s] -- Installing: /home/jorgelop/Documents/VantTec_SDV_SWARM/UAV_Proyect/TMR_UAV_2026/workspaces/sensor_stack/catkin_point_lio_unilidar/install/point_lio/share/point_lio/environment/path.dsv
[40.089s] -- Installing: /home/jorgelop/Documents/VantTec_SDV_SWARM/UAV_Proyect/TMR_UAV_2026/workspaces/sensor_stack/catkin_point_lio_unilidar/install/point_lio/share/point_lio/local_setup.bash
[40.089s] -- Installing: /home/jorgelop/Documents/VantTec_SDV_SWARM/UAV_Proyect/TMR_UAV_2026/workspaces/sensor_stack/catkin_point_lio_unilidar/install/point_lio/share/point_lio/local_setup.sh
[40.089s] -- Installing: /home/jorgelop/Documents/VantTec_SDV_SWARM/UAV_Proyect/TMR_UAV_2026/workspaces/sensor_stack/catkin_point_lio_unilidar/install/point_lio/share/point_lio/local_setup.zsh
[40.089s] -- Installing: /home/jorgelop/Documents/VantTec_SDV_SWARM/UAV_Proyect/TMR_UAV_2026/workspaces/sensor_stack/catkin_point_lio_unilidar/install/point_lio/share/point_lio/local_setup.dsv
[40.089s] -- Installing: /home/jorgelop/Documents/VantTec_SDV_SWARM/UAV_Proyect/TMR_UAV_2026/workspaces/sensor_stack/catkin_point_lio_unilidar/install/point_lio/share/point_lio/package.dsv
[40.090s] -- Installing: /home/jorgelop/Documents/VantTec_SDV_SWARM/UAV_Proyect/TMR_UAV_2026/workspaces/sensor_stack/catkin_point_lio_unilidar/install/point_lio/share/ament_index/resource_index/packages/point_lio
[40.090s] -- Installing: /home/jorgelop/Documents/VantTec_SDV_SWARM/UAV_Proyect/TMR_UAV_2026/workspaces/sensor_stack/catkin_point_lio_unilidar/install/point_lio/share/point_lio/cmake/ament_cmake_export_dependencies-extras.cmake
[40.090s] -- Installing: /home/jorgelop/Documents/VantTec_SDV_SWARM/UAV_Proyect/TMR_UAV_2026/workspaces/sensor_stack/catkin_point_lio_unilidar/install/point_lio/share/point_lio/cmake/point_lioConfig.cmake
[40.090s] -- Installing: /home/jorgelop/Documents/VantTec_SDV_SWARM/UAV_Proyect/TMR_UAV_2026/workspaces/sensor_stack/catkin_point_lio_unilidar/install/point_lio/share/point_lio/cmake/point_lioConfig-version.cmake
[40.090s] -- Installing: /home/jorgelop/Documents/VantTec_SDV_SWARM/UAV_Proyect/TMR_UAV_2026/workspaces/sensor_stack/catkin_point_lio_unilidar/install/point_lio/share/point_lio/package.xml
[40.092s] Invoked command in '/home/jorgelop/Documents/VantTec_SDV_SWARM/UAV_Proyect/TMR_UAV_2026/workspaces/sensor_stack/catkin_point_lio_unilidar/build/point_lio' returned '0': CMAKE_PREFIX_PATH=${CMAKE_PREFIX_PATH}:/opt/ros/humble /usr/bin/cmake --install /home/jorgelop/Documents/VantTec_SDV_SWARM/UAV_Proyect/TMR_UAV_2026/workspaces/sensor_stack/catkin_point_lio_unilidar/build/point_lio
