[0.012s] Invoking command in '/home/jorgelop/Documents/VantTec_SDV_SWARM/UAV_Proyect/TMR_UAV_2026/workspaces/sensor_stack/catkin_point_lio_unilidar/build/point_lio': CMAKE_PREFIX_PATH=${CMAKE_PREFIX_PATH}:/opt/ros/humble /usr/bin/cmake --build /home/jorgelop/Documents/VantTec_SDV_SWARM/UAV_Proyect/TMR_UAV_2026/workspaces/sensor_stack/catkin_point_lio_unilidar/build/point_lio -- -j16 -l16
[0.096s] [ 16%] Building CXX object CMakeFiles/pointlio_mapping.dir/src/laserMapping.cpp.o
[0.096s] [ 33%] Building CXX object CMakeFiles/pointlio_mapping.dir/src/parameters.cpp.o
[0.096s] [ 50%] Building CXX object CMakeFiles/pointlio_mapping.dir/src/Estimator.cpp.o
[44.838s] [ 66%] Linking CXX executable pointlio_mapping
[45.839s] [100%] Built target pointlio_mapping
[45.853s] Invoked command in '/home/jorgelop/Documents/VantTec_SDV_SWARM/UAV_Proyect/TMR_UAV_2026/workspaces/sensor_stack/catkin_point_lio_unilidar/build/point_lio' returned '0': CMAKE_PREFIX_PATH=${CMAKE_PREFIX_PATH}:/opt/ros/humble /usr/bin/cmake --build /home/jorgelop/Documents/VantTec_SDV_SWARM/UAV_Proyect/TMR_UAV_2026/workspaces/sensor_stack/catkin_point_lio_unilidar/build/point_lio -- -j16 -l16
[45.865s] Invoking command in '/home/jorgelop/Documents/VantTec_SDV_SWARM/UAV_Proyect/TMR_UAV_2026/workspaces/sensor_stack/catkin_point_lio_unilidar/build/point_lio': CMAKE_PREFIX_PATH=${CMAKE_PREFIX_PATH}:/opt/ros/humble /usr/bin/cmake --install /home/jorgelop/Documents/VantTec_SDV_SWARM/UAV_Proyect/TMR_UAV_2026/workspaces/sensor_stack/catkin_point_lio_unilidar/build/point_lio
[45.873s] -- Install configuration: ""
[45.873s] -- Installing: /home/jorgelop/Documents/VantTec_SDV_SWARM/UAV_Proyect/TMR_UAV_2026/workspaces/sensor_stack/catkin_point_lio_unilidar/install/point_lio/lib/point_lio/pointlio_mapping
[45.878s] -- Set runtime path of "/home/jorgelop/Documents/VantTec_SDV_SWARM/UAV_Proyect/TMR_UAV_2026/workspaces/sensor_stack/catkin_point_lio_unilidar/install/point_lio/lib/point_lio/pointlio_mapping" to ""
[45.878s] -- Up-to-date: /home/jorgelop/Documents/VantTec_SDV_SWARM/UAV_Proyect/TMR_UAV_2026/workspaces/sensor_stack/catkin_point_lio_unilidar/install/point_lio/share/point_lio/config
[45.878s] -- Up-to-date: /home/jorgelop/Documents/VantTec_SDV_SWARM/UAV_Proyect/TMR_UAV_2026/workspaces/sensor_stack/catkin_point_lio_unilidar/install/point_lio/share/point_lio/config/unilidar_l2.yaml
[45.878s] -- Up-to-date: /home/jorgelop/Documents/VantTec_SDV_SWARM/UAV_Proyect/TMR_UAV_2026/workspaces/sensor_stack/catkin_point_lio_unilidar/install/point_lio/share/point_lio/config/ouster64.yaml
[45.878s] -- Up-to-date: /home/jorgelop/Documents/VantTec_SDV_SWARM/UAV_Proyect/TMR_UAV_2026/workspaces/sensor_stack/catkin_point_lio_unilidar/install/point_lio/share/point_lio/config/avia.yaml
[45.878s] -- Up-to-date: /home/jorgelop/Documents/VantTec_SDV_SWARM/UAV_Proyect/TMR_UAV_2026/workspaces/sensor_stack/catkin_point_lio_unilidar/install/point_lio/share/point_lio/config/velody16.yaml
[45.878s] -- Up-to-date: /home/jorgelop/Documents/VantTec_SDV_SWARM/UAV_Proyect/TMR_UAV_2026/workspaces/sensor_stack/catkin_point_lio_unilidar/install/point_lio/share/point_lio/config/horizon.yaml
[45.878s] -- Up-to-date: /home/jorgelop/Documents/VantTec_SDV_SWARM/UAV_Proyect/TMR_UAV_2026/workspaces/sensor_stack/catkin_point_lio_unilidar/install/point_lio/share/point_lio/config/mid360.yaml
[45.878s] -- Installing: /home/jorgelop/Documents/VantTec_SDV_SWARM/UAV_Proyect/TMR_UAV_2026/workspaces/sensor_stack/catkin_point_lio_unilidar/install/point_lio/share/point_lio/config/unilidar_l1.yaml
[45.879s] -- Up-to-date: /home/jorgelop/Documents/VantTec_SDV_SWARM/UAV_Proyect/TMR_UAV_2026/workspaces/sensor_stack/catkin_point_lio_unilidar/install/point_lio/share/point_lio/launch
[45.879s] -- Up-to-date: /home/jorgelop/Documents/VantTec_SDV_SWARM/UAV_Proyect/TMR_UAV_2026/workspaces/sensor_stack/catkin_point_lio_unilidar/install/point_lio/share/point_lio/launch/mapping_unilidar_l1.launch.py
[45.879s] -- Up-to-date: /home/jorgelop/Documents/VantTec_SDV_SWARM/UAV_Proyect/TMR_UAV_2026/workspaces/sensor_stack/catkin_point_lio_unilidar/install/point_lio/share/point_lio/launch/gdb_debug_example.launch.py
[45.880s] -- Up-to-date: /home/jorgelop/Documents/VantTec_SDV_SWARM/UAV_Proyect/TMR_UAV_2026/workspaces/sensor_stack/catkin_point_lio_unilidar/install/point_lio/share/point_lio/launch/mapping_mid360.launch.py
[45.880s] -- Up-to-date: /home/jorgelop/Documents/VantTec_SDV_SWARM/UAV_Proyect/TMR_UAV_2026/workspaces/sensor_stack/catkin_point_lio_unilidar/install/point_lio/share/point_lio/launch/mapping_ouster64.launch.py
[45.880s] -- Up-to-date: /home/jorgelop/Documents/VantTec_SDV_SWARM/UAV_Proyect/TMR_UAV_2026/workspaces/sensor_stack/catkin_point_lio_unilidar/install/point_lio/share/point_lio/launch/mapping_unilidar_l2.launch.py
[45.881s] -- Up-to-date: /home/jorgelop/Documents/VantTec_SDV_SWARM/UAV_Proyect/TMR_UAV_2026/workspaces/sensor_stack/catkin_point_lio_unilidar/install/point_lio/share/point_lio/launch/correct_odom_unilidar_l1.launch.py
[45.881s] -- Up-to-date: /home/jorgelop/Documents/VantTec_SDV_SWARM/UAV_Proyect/TMR_UAV_2026/workspaces/sensor_stack/catkin_point_lio_unilidar/install/point_lio/share/point_lio/launch/mapping_velody16.launch.py
[45.881s] -- Up-to-date: /home/jorgelop/Documents/VantTec_SDV_SWARM/UAV_Proyect/TMR_UAV_2026/workspaces/sensor_stack/catkin_point_lio_unilidar/install/point_lio/share/point_lio/launch/__pycache__
[45.881s] -- Up-to-date: /home/jorgelop/Documents/VantTec_SDV_SWARM/UAV_Proyect/TMR_UAV_2026/workspaces/sensor_stack/catkin_point_lio_unilidar/install/point_lio/share/point_lio/launch/__pycache__/mapping_unilidar_l1.launch.cpython-310.pyc
[45.881s] -- Up-to-date: /home/jorgelop/Documents/VantTec_SDV_SWARM/UAV_Proyect/TMR_UAV_2026/workspaces/sensor_stack/catkin_point_lio_unilidar/install/point_lio/share/point_lio/launch/mapping_avia.launch.py
[45.881s] -- Up-to-date: /home/jorgelop/Documents/VantTec_SDV_SWARM/UAV_Proyect/TMR_UAV_2026/workspaces/sensor_stack/catkin_point_lio_unilidar/install/point_lio/share/point_lio/launch/mapping_horizon.launch.py
[45.882s] -- Up-to-date: /home/jorgelop/Documents/VantTec_SDV_SWARM/UAV_Proyect/TMR_UAV_2026/workspaces/sensor_stack/catkin_point_lio_unilidar/install/point_lio/share/point_lio/launch/correct_odom_unilidar_l2.launch.py
[45.882s] -- Up-to-date: /home/jorgelop/Documents/VantTec_SDV_SWARM/UAV_Proyect/TMR_UAV_2026/workspaces/sensor_stack/catkin_point_lio_unilidar/install/point_lio/share/point_lio/rviz_cfg
[45.882s] -- Up-to-date: /home/jorgelop/Documents/VantTec_SDV_SWARM/UAV_Proyect/TMR_UAV_2026/workspaces/sensor_stack/catkin_point_lio_unilidar/install/point_lio/share/point_lio/rviz_cfg/loam_livox.rviz
[45.882s] -- Up-to-date: /home/jorgelop/Documents/VantTec_SDV_SWARM/UAV_Proyect/TMR_UAV_2026/workspaces/sensor_stack/catkin_point_lio_unilidar/install/point_lio/share/ament_index/resource_index/package_run_dependencies/point_lio
[45.882s] -- Up-to-date: /home/jorgelop/Documents/VantTec_SDV_SWARM/UAV_Proyect/TMR_UAV_2026/workspaces/sensor_stack/catkin_point_lio_unilidar/install/point_lio/share/ament_index/resource_index/parent_prefix_path/point_lio
[45.882s] -- Up-to-date: /home/jorgelop/Documents/VantTec_SDV_SWARM/UAV_Proyect/TMR_UAV_2026/workspaces/sensor_stack/catkin_point_lio_unilidar/install/point_lio/share/point_lio/environment/ament_prefix_path.sh
[45.882s] -- Up-to-date: /home/jorgelop/Documents/VantTec_SDV_SWARM/UAV_Proyect/TMR_UAV_2026/workspaces/sensor_stack/catkin_point_lio_unilidar/install/point_lio/share/point_lio/environment/ament_prefix_path.dsv
[45.882s] -- Up-to-date: /home/jorgelop/Documents/VantTec_SDV_SWARM/UAV_Proyect/TMR_UAV_2026/workspaces/sensor_stack/catkin_point_lio_unilidar/install/point_lio/share/point_lio/environment/path.sh
[45.882s] -- Up-to-date: /home/jorgelop/Documents/VantTec_SDV_SWARM/UAV_Proyect/TMR_UAV_2026/workspaces/sensor_stack/catkin_point_lio_unilidar/install/point_lio/share/point_lio/environment/path.dsv
[45.883s] -- Up-to-date: /home/jorgelop/Documents/VantTec_SDV_SWARM/UAV_Proyect/TMR_UAV_2026/workspaces/sensor_stack/catkin_point_lio_unilidar/install/point_lio/share/point_lio/local_setup.bash
[45.883s] -- Up-to-date: /home/jorgelop/Documents/VantTec_SDV_SWARM/UAV_Proyect/TMR_UAV_2026/workspaces/sensor_stack/catkin_point_lio_unilidar/install/point_lio/share/point_lio/local_setup.sh
[45.883s] -- Up-to-date: /home/jorgelop/Documents/VantTec_SDV_SWARM/UAV_Proyect/TMR_UAV_2026/workspaces/sensor_stack/catkin_point_lio_unilidar/install/point_lio/share/point_lio/local_setup.zsh
[45.884s] -- Up-to-date: /home/jorgelop/Documents/VantTec_SDV_SWARM/UAV_Proyect/TMR_UAV_2026/workspaces/sensor_stack/catkin_point_lio_unilidar/install/point_lio/share/point_lio/local_setup.dsv
[45.884s] -- Installing: /home/jorgelop/Documents/VantTec_SDV_SWARM/UAV_Proyect/TMR_UAV_2026/workspaces/sensor_stack/catkin_point_lio_unilidar/install/point_lio/share/point_lio/package.dsv
[45.884s] -- Up-to-date: /home/jorgelop/Documents/VantTec_SDV_SWARM/UAV_Proyect/TMR_UAV_2026/workspaces/sensor_stack/catkin_point_lio_unilidar/install/point_lio/share/ament_index/resource_index/packages/point_lio
[45.884s] -- Up-to-date: /home/jorgelop/Documents/VantTec_SDV_SWARM/UAV_Proyect/TMR_UAV_2026/workspaces/sensor_stack/catkin_point_lio_unilidar/install/point_lio/share/point_lio/cmake/ament_cmake_export_dependencies-extras.cmake
[45.884s] -- Up-to-date: /home/jorgelop/Documents/VantTec_SDV_SWARM/UAV_Proyect/TMR_UAV_2026/workspaces/sensor_stack/catkin_point_lio_unilidar/install/point_lio/share/point_lio/cmake/point_lioConfig.cmake
[45.885s] -- Up-to-date: /home/jorgelop/Documents/VantTec_SDV_SWARM/UAV_Proyect/TMR_UAV_2026/workspaces/sensor_stack/catkin_point_lio_unilidar/install/point_lio/share/point_lio/cmake/point_lioConfig-version.cmake
[45.885s] -- Up-to-date: /home/jorgelop/Documents/VantTec_SDV_SWARM/UAV_Proyect/TMR_UAV_2026/workspaces/sensor_stack/catkin_point_lio_unilidar/install/point_lio/share/point_lio/package.xml
[45.885s] Invoked command in '/home/jorgelop/Documents/VantTec_SDV_SWARM/UAV_Proyect/TMR_UAV_2026/workspaces/sensor_stack/catkin_point_lio_unilidar/build/point_lio' returned '0': CMAKE_PREFIX_PATH=${CMAKE_PREFIX_PATH}:/opt/ros/humble /usr/bin/cmake --install /home/jorgelop/Documents/VantTec_SDV_SWARM/UAV_Proyect/TMR_UAV_2026/workspaces/sensor_stack/catkin_point_lio_unilidar/build/point_lio
